
11/14/24, 12:12:56 PM - ERROR: Download of “https://www.watsonelectricalservice.com” failed with error code 403 (forbidden)

---------------------

11/14/24, 12:17:58 PM - ERROR: Download of “https://www.watsonelectricalservice.com/installing-flooring”, referred from “/Users/michaelnastus/Downloads/us.sitesucker.mac.sitesucker/www.watsonelectricalservice.com/index.html”, failed with error code 404 (not found)
11/14/24, 12:18:01 PM - ERROR: Download of “https://www.watsonelectricalservice.com/epoxy-flooring”, referred from “/Users/michaelnastus/Downloads/us.sitesucker.mac.sitesucker/www.watsonelectricalservice.com/index.html”, failed with error code 404 (not found)

---------------------

11/14/24, 12:20:52 PM - MEDIA TYPE: “https://www.watsonelectricalservice.com/” has a media type of text/html
11/14/24, 12:20:55 PM - ERROR: Download of “https://lirp.cdn-website.com/”, referred from “/Users/michaelnastus/Downloads/us.sitesucker.mac.sitesucker/www.watsonelectricalservice.com/index.html”, failed with error code 404 (not found)
11/14/24, 12:21:02 PM - ERROR: Download of “https://irt-cdn.multiscreensite.com/ce0bb35f932b47bb809d0e37905542ba/dms3rep/multi/site_background_education-2087x1173.jpg”, referred from “/Users/michaelnastus/Downloads/us.sitesucker.mac.sitesucker/www.watsonelectricalservice.com/index.html”, failed with error code 403 (forbidden)
11/14/24, 12:21:07 PM - MEDIA TYPE: “https://www.watsonelectricalservice.com/commercial-and-residential-lighting” has a media type of text/html
11/14/24, 12:21:07 PM - ERROR: Download of “https://lirp.cdn-website.com/”, referred from “/Users/michaelnastus/Downloads/us.sitesucker.mac.sitesucker/www.watsonelectricalservice.com/commercial-and-residential-lighting/index.html”, failed with error code 404 (not found)
11/14/24, 12:21:11 PM - MEDIA TYPE: “https://www.watsonelectricalservice.com/panel-changes-and-service-upgrades” has a media type of text/html
11/14/24, 12:21:11 PM - ERROR: Download of “https://lirp.cdn-website.com/”, referred from “/Users/michaelnastus/Downloads/us.sitesucker.mac.sitesucker/www.watsonelectricalservice.com/panel-changes-and-service-upgrades/index.html”, failed with error code 404 (not found)
11/14/24, 12:21:13 PM - MEDIA TYPE: “https://www.watsonelectricalservice.com/commercial-and-residential-ev-charging-stations” has a media type of text/html
11/14/24, 12:21:13 PM - ERROR: Download of “https://lirp.cdn-website.com/”, referred from “/Users/michaelnastus/Downloads/us.sitesucker.mac.sitesucker/www.watsonelectricalservice.com/commercial-and-residential-ev-charging-stations/index.html”, failed with error code 404 (not found)
11/14/24, 12:21:16 PM - MEDIA TYPE: “https://www.watsonelectricalservice.com/bucket-truck-electrical-service” has a media type of text/html
11/14/24, 12:21:16 PM - ERROR: Download of “https://lirp.cdn-website.com/”, referred from “/Users/michaelnastus/Downloads/us.sitesucker.mac.sitesucker/www.watsonelectricalservice.com/bucket-truck-electrical-service/index.html”, failed with error code 404 (not found)
11/14/24, 12:21:17 PM - ERROR: Download of “https://facebook.com/profile.php?id=100083358841365”, referred from “/Users/michaelnastus/Downloads/us.sitesucker.mac.sitesucker/www.watsonelectricalservice.com/commercial-and-residential-ev-charging-stations/index.html”, failed with error code 400 (bad request)
11/14/24, 12:21:17 PM - ERROR: Download of “https://facebook.com/profile.php?id=100083358841365”, referred from “/Users/michaelnastus/Downloads/us.sitesucker.mac.sitesucker/www.watsonelectricalservice.com/panel-changes-and-service-upgrades/index.html”, failed with error code 400 (bad request)
11/14/24, 12:21:17 PM - ERROR: Download of “https://facebook.com/profile.php?id=100083358841365”, referred from “/Users/michaelnastus/Downloads/us.sitesucker.mac.sitesucker/www.watsonelectricalservice.com/index.html”, failed with error code 400 (bad request)
11/14/24, 12:21:17 PM - ERROR: Download of “https://facebook.com/profile.php?id=100083358841365”, referred from “/Users/michaelnastus/Downloads/us.sitesucker.mac.sitesucker/www.watsonelectricalservice.com/bucket-truck-electrical-service/index.html”, failed with error code 400 (bad request)
11/14/24, 12:21:17 PM - ERROR: Download of “https://facebook.com/profile.php?id=100083358841365”, referred from “/Users/michaelnastus/Downloads/us.sitesucker.mac.sitesucker/www.watsonelectricalservice.com/commercial-and-residential-lighting/index.html”, failed with error code 400 (bad request)
11/14/24, 12:21:19 PM - MEDIA TYPE: “https://www.watsonelectricalservice.com/referral” has a media type of text/html
11/14/24, 12:21:19 PM - ERROR: Download of “https://lirp.cdn-website.com/”, referred from “/Users/michaelnastus/Downloads/us.sitesucker.mac.sitesucker/www.watsonelectricalservice.com/referral/index.html”, failed with error code 404 (not found)
11/14/24, 12:21:19 PM - ERROR: Download of “https://facebook.com/profile.php?id=100083358841365”, referred from “/Users/michaelnastus/Downloads/us.sitesucker.mac.sitesucker/www.watsonelectricalservice.com/referral/index.html”, failed with error code 400 (bad request)
11/14/24, 12:21:22 PM - MEDIA TYPE: “https://www.watsonelectricalservice.com/contact_us” has a media type of text/html
11/14/24, 12:21:22 PM - ERROR: Download of “https://lirp.cdn-website.com/”, referred from “/Users/michaelnastus/Downloads/us.sitesucker.mac.sitesucker/www.watsonelectricalservice.com/contact_us/index.html”, failed with error code 404 (not found)
11/14/24, 12:21:22 PM - ERROR: Download of “https://facebook.com/profile.php?id=100083358841365”, referred from “/Users/michaelnastus/Downloads/us.sitesucker.mac.sitesucker/www.watsonelectricalservice.com/contact_us/index.html”, failed with error code 400 (bad request)
11/14/24, 12:21:25 PM - MEDIA TYPE: “https://www.watsonelectricalservice.com/installing-flooring” has a media type of text/html
11/14/24, 12:21:25 PM - ERROR: Download of “https://www.watsonelectricalservice.com/installing-flooring”, referred from “/Users/michaelnastus/Downloads/us.sitesucker.mac.sitesucker/www.watsonelectricalservice.com/index.html”, failed with error code 404 (not found)
11/14/24, 12:21:28 PM - MEDIA TYPE: “https://www.watsonelectricalservice.com/epoxy-flooring” has a media type of text/html
11/14/24, 12:21:28 PM - ERROR: Download of “https://www.watsonelectricalservice.com/epoxy-flooring”, referred from “/Users/michaelnastus/Downloads/us.sitesucker.mac.sitesucker/www.watsonelectricalservice.com/index.html”, failed with error code 404 (not found)

---------------------

11/14/24, 12:25:40 PM - MEDIA TYPE: “https://www.watsonelectricalservice.com/” has a media type of text/html
11/14/24, 12:25:50 PM - MEDIA TYPE: “https://irp.cdn-website.com/fonts/s/montserrat/v26/JTUSjIg1_i6t8kCHKm459Wlhyw.woff2” has a media type of font/woff2
11/14/24, 12:25:50 PM - MEDIA TYPE: “https://lirp.cdn-website.com/” has a media type of application/xml
11/14/24, 12:25:50 PM - MEDIA TYPE: “https://static.cdn-website.com/runtime/favicon_d1_res.ico” has a media type of image/png
11/14/24, 12:26:00 PM - MEDIA TYPE: “https://irp.cdn-website.com/fonts/s/montserrat/v26/JTUQjIg1_i6t8kCHKm459WxRyS7m.woff2” has a media type of font/woff2
11/14/24, 12:26:00 PM - MEDIA TYPE: “https://static.cdn-website.com/fonts/fontawesome-webfont.eot?v=6” has a media type of application/octet-stream
11/14/24, 12:26:10 PM - MEDIA TYPE: “https://irt-cdn.multiscreensite.com/ce0bb35f932b47bb809d0e37905542ba/dms3rep/multi/site_background_education-2087x1173.jpg” has a media type of application/xml
11/14/24, 12:26:10 PM - ERROR: Download of “https://irt-cdn.multiscreensite.com/ce0bb35f932b47bb809d0e37905542ba/dms3rep/multi/site_background_education-2087x1173.jpg”, referred from “/Users/michaelnastus/Downloads/us.sitesucker.mac.sitesucker/www.watsonelectricalservice.com/index.html”, failed with error code 403 (forbidden)
11/14/24, 12:26:10 PM - MEDIA TYPE: “https://static.cdn-website.com/fonts/fontawesome-webfont.eot?” has a media type of application/octet-stream
11/14/24, 12:26:10 PM - MEDIA TYPE: “https://lirp.cdn-website.com/a96a9a11/dms3rep/multi/opt/back03-1920w.jpg” has a media type of image/jpg
11/14/24, 12:26:20 PM - MEDIA TYPE: “https://static.cdn-website.com/fonts/fontawesome-webfont.woff?v=6” has a media type of application/font-woff
11/14/24, 12:26:20 PM - MEDIA TYPE: “https://lirp.cdn-website.com/a96a9a11/dms3rep/multi/opt/imgs4-1920w.jpg” has a media type of image/jpg
11/14/24, 12:26:21 PM - MEDIA TYPE: “https://secure.adnxs.com/px?id=1785603&t=1” has a media type of application/javascript
11/14/24, 12:26:30 PM - MEDIA TYPE: “https://static.cdn-website.com/fonts/fontawesome-webfont.ttf?v=6” has a media type of application/octet-stream
11/14/24, 12:26:30 PM - MEDIA TYPE: “https://www.watsonelectricalservice.com/commercial-and-residential-lighting” has a media type of text/html
11/14/24, 12:26:30 PM - MEDIA TYPE: “https://secure.adnxs.com/seg?t=1&add=37270021” has a media type of application/javascript
11/14/24, 12:26:40 PM - MEDIA TYPE: “https://static.cdn-website.com/fonts/fontawesome-webfont.svg” has a media type of image/svg+xml
11/14/24, 12:26:40 PM - MEDIA TYPE: “https://www.watsonelectricalservice.com/panel-changes-and-service-upgrades” has a media type of text/html
11/14/24, 12:26:50 PM - MEDIA TYPE: “https://www.watsonelectricalservice.com/commercial-and-residential-ev-charging-stations” has a media type of text/html
11/14/24, 12:26:50 PM - MEDIA TYPE: “https://lirp.cdn-website.com/a96a9a11/dms3rep/multi/opt/newlg-1920w.png” has a media type of image/png
11/14/24, 12:26:51 PM - MEDIA TYPE: “https://irp.cdn-website.com/a96a9a11/dms3rep/multi/newlg.png” has a media type of image/png
11/14/24, 12:27:00 PM - MEDIA TYPE: “https://www.watsonelectricalservice.com/bucket-truck-electrical-service” has a media type of text/html
11/14/24, 12:27:00 PM - MEDIA TYPE: “https://lirp.cdn-website.com/a96a9a11/dms3rep/multi/opt/newlg-226w.png” has a media type of image/png
11/14/24, 12:27:01 PM - MEDIA TYPE: “https://irp.cdn-website.com/a96a9a11/dms3rep/multi/imgs7.jpg” has a media type of image/jpeg
11/14/24, 12:27:01 PM - MEDIA TYPE: “https://www.facebook.com/profile.php?id=100083358841365” has a media type of text/html
11/14/24, 12:27:01 PM - MEDIA TYPE: “https://www.instagram.com/watsonelectricalservice/” has a media type of text/html
11/14/24, 12:27:10 PM - MEDIA TYPE: “https://lirp.cdn-website.com/a96a9a11/dms3rep/multi/opt/imgs7-627h.jpg” has a media type of image/jpg
11/14/24, 12:27:10 PM - MEDIA TYPE: “https://www.watsonelectricalservice.com/referral” has a media type of text/html
11/14/24, 12:27:11 PM - MEDIA TYPE: “https://www.google.com/search?sca_esv=7928bf8df49ca757&rlz=1C1GCEU_enUS1053US1053&q=Watson+Electrical+and+Lighting&si=AKbGX_qble3R1DBykhZBlF0R-cE5kfYE4bDcFRAYBpE-TM23E9oCCv3bYEVtUd1IyynTUGQ5_QNDUNBRFzY41vNw9mlO7QJAgnDDzNQ0GeaCNrm5Q2XtEhKfrjtrAHCXBPjbBXAQT6fZXYDjCtsYMNRukL_Gw2skY5JlNtMvj2N2-YbVBQIIqtrV2zNHq046GgoqwEJsOOlHz9_OrqVQG4eyn6kszrR6QQlED6c94ttvcTl43f_cgzMSxmj-_CQ0lkqpQRmDI19AXyReoq-ASVRS-h6ggH33G-qKNXzAzUf6lc3vWpSgRqCy7q_XxdJw0WTk03etXn3CP5dWmhBM42eNQ8pfq5A-gA==&sa=X&ved=2ahUKEwjbpNK0sOCEAxV5L9AFHd-AAdkQ6RN6BQjXAhAB&biw=1536&bih=695&dpr=1.25” has a media type of text/html
11/14/24, 12:27:20 PM - MEDIA TYPE: “https://www.watsonelectricalservice.com/contact_us” has a media type of text/html
11/14/24, 12:27:20 PM - MEDIA TYPE: “https://lirp.cdn-website.com/a96a9a11/dms3rep/multi/opt/imgs5-627h.jpg” has a media type of image/jpg
11/14/24, 12:27:21 PM - MEDIA TYPE: “https://designercodelibrary.production.townsquareinteractive.com/files/2024/05/click-to-leave-review-small2-wt.png” has a media type of image/png
11/14/24, 12:27:21 PM - MEDIA TYPE: “https://irp.cdn-website.com/a96a9a11/dms3rep/multi/imgs5.jpg” has a media type of image/jpeg
11/14/24, 12:27:30 PM - MEDIA TYPE: “https://www.watsonelectricalservice.com/installing-flooring” has a media type of text/html
11/14/24, 12:27:30 PM - ERROR: Download of “https://www.watsonelectricalservice.com/installing-flooring”, referred from “/Users/michaelnastus/Downloads/us.sitesucker.mac.sitesucker/www.watsonelectricalservice.com/index.html”, failed with error code 404 (not found)
11/14/24, 12:27:31 PM - MEDIA TYPE: “https://lirp.cdn-website.com/a96a9a11/dms3rep/multi/opt/newlg-137w.png” has a media type of image/png
11/14/24, 12:27:31 PM - MEDIA TYPE: “https://irp.cdn-website.com/a96a9a11/dms3rep/multi/badge.png” has a media type of image/png
11/14/24, 12:27:32 PM - MEDIA TYPE: “https://fonts.googleapis.com/css2?family=Roboto:ital,wght@0,100;0,300;0,400;0,500;0,700;0,900;1,100;1,300;1,400;1,500;1,700;1,900&family=Montserrat:ital,wght@0,100..900;1,100..900&family=Poppins:ital,wght@0,100;0,200;0,300;0,400;0,500;0,600;0,700;0,800;0,900;1,100;1,200;1,300;1,400;1,500;1,600;1,700;1,800;1,900&family=Manrope:ital,wght@0,200..800;1,200..800&subset=latin-ext&display=swap” has a media type of text/css
11/14/24, 12:27:40 PM - MEDIA TYPE: “https://www.watsonelectricalservice.com/epoxy-flooring” has a media type of text/html
11/14/24, 12:27:40 PM - ERROR: Download of “https://www.watsonelectricalservice.com/epoxy-flooring”, referred from “/Users/michaelnastus/Downloads/us.sitesucker.mac.sitesucker/www.watsonelectricalservice.com/index.html”, failed with error code 404 (not found)
11/14/24, 12:27:40 PM - MEDIA TYPE: “https://lirp.cdn-website.com/a96a9a11/dms3rep/multi/opt/badge-330w.png” has a media type of image/png
11/14/24, 12:27:41 PM - MEDIA TYPE: “https://static.cdn-website.com/mnlt/production/4909/_dm/s/rt/dist/css/d-css-runtime-desktop-one-package-structured-global.min.css” has a media type of text/css
11/14/24, 12:27:41 PM - MEDIA TYPE: “https://irp.cdn-website.com/WIDGET_CSS/5e5c32190e70f901ca2c73c546bed9d3.css” has a media type of text/css
11/14/24, 12:27:51 PM - MEDIA TYPE: “https://static.cdn-website.com/libs/jquery/jquery-3.7.0.min.js” has a media type of text/javascript
11/14/24, 12:27:51 PM - MEDIA TYPE: “https://irp.cdn-website.com/a96a9a11/files/a96a9a11_withFlex_1.min.css?v=5” has a media type of text/css
11/14/24, 12:27:51 PM - ERROR: Download of “https://irt-cdn.multiscreensite.com/ce0bb35f932b47bb809d0e37905542ba/dms3rep/multi/site_background_education-2087x1173.jpg”, referred from “/Users/michaelnastus/Downloads/us.sitesucker.mac.sitesucker/irp.cdn-website.com/a96a9a11/files/a96a9a11_withFlex_1.min﹖v=5.css”, failed with error code 403 (forbidden)
11/14/24, 12:27:52 PM - MEDIA TYPE: “https://www.googletagmanager.com/gtag/js?id=G-W9DL4VLQWJ” has a media type of application/javascript
11/14/24, 12:28:01 PM - MEDIA TYPE: “https://static.cdn-website.com/mnlt/production/4909/_dm/s/rt/dist/scripts/d-js-one-runtime-unified-desktop.min.js” has a media type of application/javascript
11/14/24, 12:28:01 PM - MEDIA TYPE: “https://irp.cdn-website.com/a96a9a11/files/a96a9a11_home_withFlex_1.min.css?v=5” has a media type of text/css
11/14/24, 12:28:11 PM - MEDIA TYPE: “https://static.cdn-website.com/mnlt/production/4909/_dm/s/rt/dist/scripts/d-js-jquery-migrate.min.js” has a media type of application/javascript
11/14/24, 12:28:11 PM - MEDIA TYPE: “https://irp.cdn-website.com/WIDGET_CSS/b90c3351f6908be395bc3c487f222650.css” has a media type of text/css
11/14/24, 12:28:12 PM - MEDIA TYPE: “https://lirp.cdn-website.com/a96a9a11/dms3rep/multi/opt/imgs5-1920w.jpg” has a media type of image/jpg
11/14/24, 12:28:21 PM - MEDIA TYPE: “https://static.cdn-website.com/mnlt/production/4921/_dm/s/rt/dist/css/d-css-runtime-desktop-one-package-structured-global.min.css” has a media type of text/css
11/14/24, 12:28:21 PM - MEDIA TYPE: “https://lirp.cdn-website.com/a96a9a11/dms3rep/multi/opt/badge-1920w.png” has a media type of image/png
11/14/24, 12:28:22 PM - MEDIA TYPE: “https://irp.cdn-website.com/a96a9a11/files/a96a9a11_1.min.css?v=5” has a media type of text/css
11/14/24, 12:28:22 PM - ERROR: Download of “https://irt-cdn.multiscreensite.com/ce0bb35f932b47bb809d0e37905542ba/dms3rep/multi/site_background_education-2087x1173.jpg”, referred from “/Users/michaelnastus/Downloads/us.sitesucker.mac.sitesucker/irp.cdn-website.com/a96a9a11/files/a96a9a11_1.min﹖v=5.css”, failed with error code 403 (forbidden)
11/14/24, 12:28:31 PM - MEDIA TYPE: “https://static.cdn-website.com/mnlt/production/4921/_dm/s/rt/dist/scripts/d-js-one-runtime-unified-desktop.min.js” has a media type of application/javascript
11/14/24, 12:28:31 PM - MEDIA TYPE: “https://lirp.cdn-website.com/a96a9a11/dms3rep/multi/opt/bigstock--206598409-1920w.jpg” has a media type of image/jpg
11/14/24, 12:28:31 PM - MEDIA TYPE: “https://irp.cdn-website.com/a96a9a11/dms3rep/multi/bigstock--206598409.jpg” has a media type of image/jpeg
11/14/24, 12:28:41 PM - MEDIA TYPE: “https://static.cdn-website.com/mnlt/production/4921/_dm/s/rt/dist/scripts/d-js-jquery-migrate.min.js” has a media type of application/javascript
11/14/24, 12:28:41 PM - MEDIA TYPE: “https://lirp.cdn-website.com/a96a9a11/dms3rep/multi/opt/bigstock-Electric-Vehicle-Charging-Stat-361120219-1920w.jpg” has a media type of image/jpg
11/14/24, 12:28:41 PM - MEDIA TYPE: “https://irp.cdn-website.com/WIDGET_CSS/471796351712832c0089bab4837c52fb.css” has a media type of text/css
11/14/24, 12:28:51 PM - MEDIA TYPE: “https://static.cdn-website.com/mnlt/production/4903/_dm/s/rt/dist/css/d-css-runtime-desktop-one-package-structured-global.min.css” has a media type of text/css
11/14/24, 12:28:51 PM - MEDIA TYPE: “https://irp.cdn-website.com/a96a9a11/dms3rep/multi/bigstock-Electric-Vehicle-Charging-Stat-361120219.jpg” has a media type of image/jpeg
11/14/24, 12:29:01 PM - MEDIA TYPE: “https://static.cdn-website.com/mnlt/production/4903/_dm/s/rt/dist/scripts/d-js-one-runtime-unified-desktop.min.js” has a media type of application/javascript
11/14/24, 12:29:01 PM - MEDIA TYPE: “https://irp.cdn-website.com/a96a9a11/dms3rep/multi/bigstock-Electric-Utility-Workers-1132553.jpg” has a media type of image/jpeg
11/14/24, 12:29:02 PM - MEDIA TYPE: “https://lirp.cdn-website.com/a96a9a11/dms3rep/multi/opt/bigstock-Electric-Utility-Workers-1132553-1920w.jpg” has a media type of image/jpg
11/14/24, 12:29:11 PM - MEDIA TYPE: “https://static.cdn-website.com/mnlt/production/4903/_dm/s/rt/dist/scripts/d-js-jquery-migrate.min.js” has a media type of application/javascript
11/14/24, 12:29:11 PM - MEDIA TYPE: “https://irp.cdn-website.com/WIDGET_CSS/c079c2f8b2f98505d6bfe1a4ea05f4e0.css” has a media type of text/css
11/14/24, 12:29:12 PM - MEDIA TYPE: “https://lirp.cdn-website.com/a96a9a11/dms3rep/multi/opt/imgs4-2880w.jpg” has a media type of image/jpg
11/14/24, 12:29:21 PM - MEDIA TYPE: “https://static.cdn-website.com/mnlt/production/4929/_dm/s/rt/dist/css/d-css-runtime-desktop-one-package-structured-global.min.css” has a media type of text/css
11/14/24, 12:29:21 PM - MEDIA TYPE: “https://irp.cdn-website.com/WIDGET_CSS/9d180e34fdc2bae68feadaa5a8e00303.css” has a media type of text/css
11/14/24, 12:29:31 PM - MEDIA TYPE: “https://static.cdn-website.com/mnlt/production/4929/_dm/s/rt/dist/scripts/d-js-one-runtime-unified-desktop.min.js” has a media type of application/javascript
11/14/24, 12:29:32 PM - MEDIA TYPE: “https://fonts.gstatic.com/s/manrope/v15/xn7gYHE41ni1AdIRggqxSvfedN62Zw.woff2” has a media type of font/woff2
11/14/24, 12:29:41 PM - MEDIA TYPE: “https://static.cdn-website.com/mnlt/production/4929/_dm/s/rt/dist/scripts/d-js-jquery-migrate.min.js” has a media type of application/javascript
11/14/24, 12:29:42 PM - MEDIA TYPE: “https://fonts.gstatic.com/s/manrope/v15/xn7gYHE41ni1AdIRggOxSvfedN62Zw.woff2” has a media type of font/woff2
11/14/24, 12:29:51 PM - MEDIA TYPE: “https://static.cdn-website.com/mnlt/production/4914/_dm/s/rt/dist/css/d-css-runtime-desktop-one-package-structured-global.min.css” has a media type of text/css
11/14/24, 12:29:52 PM - MEDIA TYPE: “https://fonts.gstatic.com/s/manrope/v15/xn7gYHE41ni1AdIRggSxSvfedN62Zw.woff2” has a media type of font/woff2
11/14/24, 12:30:01 PM - MEDIA TYPE: “https://static.cdn-website.com/mnlt/production/4914/_dm/s/rt/dist/scripts/d-js-one-runtime-unified-desktop.min.js” has a media type of application/javascript
11/14/24, 12:30:02 PM - MEDIA TYPE: “https://fonts.gstatic.com/s/manrope/v15/xn7gYHE41ni1AdIRggixSvfedN62Zw.woff2” has a media type of font/woff2
11/14/24, 12:30:11 PM - MEDIA TYPE: “https://static.cdn-website.com/mnlt/production/4914/_dm/s/rt/dist/scripts/d-js-jquery-migrate.min.js” has a media type of application/javascript
11/14/24, 12:30:12 PM - MEDIA TYPE: “https://fonts.gstatic.com/s/manrope/v15/xn7gYHE41ni1AdIRggmxSvfedN62Zw.woff2” has a media type of font/woff2
11/14/24, 12:30:22 PM - MEDIA TYPE: “https://fonts.gstatic.com/s/manrope/v15/xn7gYHE41ni1AdIRggexSvfedN4.woff2” has a media type of font/woff2
11/14/24, 12:30:32 PM - MEDIA TYPE: “https://fonts.gstatic.com/s/montserrat/v29/JTUQjIg1_i6t8kCHKm459WxRxC7m0dR9pBOi.woff2” has a media type of font/woff2
11/14/24, 12:30:42 PM - MEDIA TYPE: “https://fonts.gstatic.com/s/montserrat/v29/JTUQjIg1_i6t8kCHKm459WxRzS7m0dR9pBOi.woff2” has a media type of font/woff2
11/14/24, 12:30:52 PM - MEDIA TYPE: “https://fonts.gstatic.com/s/montserrat/v29/JTUQjIg1_i6t8kCHKm459WxRxi7m0dR9pBOi.woff2” has a media type of font/woff2
11/14/24, 12:31:02 PM - MEDIA TYPE: “https://fonts.gstatic.com/s/montserrat/v29/JTUQjIg1_i6t8kCHKm459WxRxy7m0dR9pBOi.woff2” has a media type of font/woff2
11/14/24, 12:31:12 PM - MEDIA TYPE: “https://fonts.gstatic.com/s/montserrat/v29/JTUQjIg1_i6t8kCHKm459WxRyS7m0dR9pA.woff2” has a media type of font/woff2
11/14/24, 12:31:22 PM - MEDIA TYPE: “https://fonts.gstatic.com/s/montserrat/v29/JTUSjIg1_i6t8kCHKm459WRhyyTh89ZNpQ.woff2” has a media type of font/woff2
11/14/24, 12:31:32 PM - MEDIA TYPE: “https://fonts.gstatic.com/s/montserrat/v29/JTUSjIg1_i6t8kCHKm459W1hyyTh89ZNpQ.woff2” has a media type of font/woff2
11/14/24, 12:31:42 PM - MEDIA TYPE: “https://fonts.gstatic.com/s/montserrat/v29/JTUSjIg1_i6t8kCHKm459WZhyyTh89ZNpQ.woff2” has a media type of font/woff2
11/14/24, 12:31:52 PM - MEDIA TYPE: “https://fonts.gstatic.com/s/montserrat/v29/JTUSjIg1_i6t8kCHKm459WdhyyTh89ZNpQ.woff2” has a media type of font/woff2
11/14/24, 12:32:02 PM - MEDIA TYPE: “https://fonts.gstatic.com/s/montserrat/v29/JTUSjIg1_i6t8kCHKm459WlhyyTh89Y.woff2” has a media type of font/woff2
11/14/24, 12:32:12 PM - MEDIA TYPE: “https://fonts.gstatic.com/s/poppins/v21/pxiAyp8kv8JHgFVrJJLmE0tMMPKhSkFEkm8.woff2” has a media type of font/woff2
11/14/24, 12:32:22 PM - MEDIA TYPE: “https://fonts.gstatic.com/s/poppins/v21/pxiAyp8kv8JHgFVrJJLmE0tCMPKhSkFE.woff2” has a media type of font/woff2
11/14/24, 12:32:32 PM - MEDIA TYPE: “https://fonts.gstatic.com/s/poppins/v21/pxiDyp8kv8JHgFVrJJLmv1pVGdeOYktMqlap.woff2” has a media type of font/woff2
11/14/24, 12:32:42 PM - MEDIA TYPE: “https://fonts.gstatic.com/s/poppins/v21/pxiDyp8kv8JHgFVrJJLmv1pVF9eOYktMqg.woff2” has a media type of font/woff2
11/14/24, 12:32:52 PM - MEDIA TYPE: “https://fonts.gstatic.com/s/poppins/v21/pxiDyp8kv8JHgFVrJJLm21lVGdeOYktMqlap.woff2” has a media type of font/woff2
11/14/24, 12:33:02 PM - MEDIA TYPE: “https://fonts.gstatic.com/s/poppins/v21/pxiDyp8kv8JHgFVrJJLm21lVF9eOYktMqg.woff2” has a media type of font/woff2
11/14/24, 12:33:12 PM - MEDIA TYPE: “https://fonts.gstatic.com/s/poppins/v21/pxiGyp8kv8JHgFVrJJLufntAOvWDSHFF.woff2” has a media type of font/woff2
11/14/24, 12:33:22 PM - MEDIA TYPE: “https://fonts.gstatic.com/s/poppins/v21/pxiGyp8kv8JHgFVrJJLucHtAOvWDSA.woff2” has a media type of font/woff2
11/14/24, 12:33:32 PM - MEDIA TYPE: “https://fonts.gstatic.com/s/poppins/v21/pxiDyp8kv8JHgFVrJJLmg1hVGdeOYktMqlap.woff2” has a media type of font/woff2
11/14/24, 12:33:42 PM - MEDIA TYPE: “https://fonts.gstatic.com/s/poppins/v21/pxiDyp8kv8JHgFVrJJLmg1hVF9eOYktMqg.woff2” has a media type of font/woff2
11/14/24, 12:33:52 PM - MEDIA TYPE: “https://fonts.gstatic.com/s/poppins/v21/pxiDyp8kv8JHgFVrJJLmr19VGdeOYktMqlap.woff2” has a media type of font/woff2
11/14/24, 12:34:02 PM - MEDIA TYPE: “https://fonts.gstatic.com/s/poppins/v21/pxiDyp8kv8JHgFVrJJLmr19VF9eOYktMqg.woff2” has a media type of font/woff2
11/14/24, 12:34:12 PM - MEDIA TYPE: “https://fonts.gstatic.com/s/poppins/v21/pxiDyp8kv8JHgFVrJJLmy15VGdeOYktMqlap.woff2” has a media type of font/woff2
11/14/24, 12:34:22 PM - MEDIA TYPE: “https://fonts.gstatic.com/s/poppins/v21/pxiDyp8kv8JHgFVrJJLmy15VF9eOYktMqg.woff2” has a media type of font/woff2
11/14/24, 12:34:32 PM - MEDIA TYPE: “https://fonts.gstatic.com/s/poppins/v21/pxiDyp8kv8JHgFVrJJLm111VGdeOYktMqlap.woff2” has a media type of font/woff2
11/14/24, 12:34:42 PM - MEDIA TYPE: “https://fonts.gstatic.com/s/poppins/v21/pxiDyp8kv8JHgFVrJJLm111VF9eOYktMqg.woff2” has a media type of font/woff2
11/14/24, 12:34:52 PM - MEDIA TYPE: “https://fonts.gstatic.com/s/poppins/v21/pxiDyp8kv8JHgFVrJJLm81xVGdeOYktMqlap.woff2” has a media type of font/woff2
11/14/24, 12:35:02 PM - MEDIA TYPE: “https://fonts.gstatic.com/s/poppins/v21/pxiDyp8kv8JHgFVrJJLm81xVF9eOYktMqg.woff2” has a media type of font/woff2
11/14/24, 12:35:12 PM - MEDIA TYPE: “https://fonts.gstatic.com/s/poppins/v21/pxiGyp8kv8JHgFVrLPTufntAOvWDSHFF.woff2” has a media type of font/woff2
11/14/24, 12:35:22 PM - MEDIA TYPE: “https://fonts.gstatic.com/s/poppins/v21/pxiGyp8kv8JHgFVrLPTucHtAOvWDSA.woff2” has a media type of font/woff2
11/14/24, 12:35:32 PM - MEDIA TYPE: “https://fonts.gstatic.com/s/poppins/v21/pxiByp8kv8JHgFVrLFj_Z1JlFd2JQEl8qw.woff2” has a media type of font/woff2
11/14/24, 12:35:42 PM - MEDIA TYPE: “https://fonts.gstatic.com/s/poppins/v21/pxiByp8kv8JHgFVrLFj_Z1xlFd2JQEk.woff2” has a media type of font/woff2
11/14/24, 12:35:52 PM - MEDIA TYPE: “https://fonts.gstatic.com/s/poppins/v21/pxiByp8kv8JHgFVrLDz8Z1JlFd2JQEl8qw.woff2” has a media type of font/woff2
11/14/24, 12:36:02 PM - MEDIA TYPE: “https://fonts.gstatic.com/s/poppins/v21/pxiByp8kv8JHgFVrLDz8Z1xlFd2JQEk.woff2” has a media type of font/woff2
11/14/24, 12:36:12 PM - MEDIA TYPE: “https://fonts.gstatic.com/s/poppins/v21/pxiEyp8kv8JHgFVrJJnecnFHGPezSQ.woff2” has a media type of font/woff2
11/14/24, 12:36:22 PM - MEDIA TYPE: “https://fonts.gstatic.com/s/poppins/v21/pxiEyp8kv8JHgFVrJJfecnFHGPc.woff2” has a media type of font/woff2
11/14/24, 12:36:32 PM - MEDIA TYPE: “https://fonts.gstatic.com/s/poppins/v21/pxiByp8kv8JHgFVrLGT9Z1JlFd2JQEl8qw.woff2” has a media type of font/woff2
11/14/24, 12:36:42 PM - MEDIA TYPE: “https://fonts.gstatic.com/s/poppins/v21/pxiByp8kv8JHgFVrLGT9Z1xlFd2JQEk.woff2” has a media type of font/woff2
11/14/24, 12:36:52 PM - MEDIA TYPE: “https://fonts.gstatic.com/s/poppins/v21/pxiByp8kv8JHgFVrLEj6Z1JlFd2JQEl8qw.woff2” has a media type of font/woff2
11/14/24, 12:37:02 PM - MEDIA TYPE: “https://fonts.gstatic.com/s/poppins/v21/pxiByp8kv8JHgFVrLEj6Z1xlFd2JQEk.woff2” has a media type of font/woff2
11/14/24, 12:37:12 PM - MEDIA TYPE: “https://fonts.gstatic.com/s/poppins/v21/pxiByp8kv8JHgFVrLCz7Z1JlFd2JQEl8qw.woff2” has a media type of font/woff2
11/14/24, 12:37:22 PM - MEDIA TYPE: “https://fonts.gstatic.com/s/poppins/v21/pxiByp8kv8JHgFVrLCz7Z1xlFd2JQEk.woff2” has a media type of font/woff2
11/14/24, 12:37:32 PM - MEDIA TYPE: “https://fonts.gstatic.com/s/poppins/v21/pxiByp8kv8JHgFVrLDD4Z1JlFd2JQEl8qw.woff2” has a media type of font/woff2
11/14/24, 12:37:42 PM - MEDIA TYPE: “https://fonts.gstatic.com/s/poppins/v21/pxiByp8kv8JHgFVrLDD4Z1xlFd2JQEk.woff2” has a media type of font/woff2
11/14/24, 12:37:52 PM - MEDIA TYPE: “https://fonts.gstatic.com/s/poppins/v21/pxiByp8kv8JHgFVrLBT5Z1JlFd2JQEl8qw.woff2” has a media type of font/woff2
11/14/24, 12:38:02 PM - MEDIA TYPE: “https://fonts.gstatic.com/s/poppins/v21/pxiByp8kv8JHgFVrLBT5Z1xlFd2JQEk.woff2” has a media type of font/woff2
11/14/24, 12:38:12 PM - MEDIA TYPE: “https://fonts.gstatic.com/s/roboto/v32/KFOiCnqEu92Fr1Mu51QrEz0dL-vwnYh2eg.woff2” has a media type of font/woff2
11/14/24, 12:38:22 PM - MEDIA TYPE: “https://fonts.gstatic.com/s/roboto/v32/KFOiCnqEu92Fr1Mu51QrEzQdL-vwnYh2eg.woff2” has a media type of font/woff2
11/14/24, 12:38:32 PM - MEDIA TYPE: “https://fonts.gstatic.com/s/roboto/v32/KFOiCnqEu92Fr1Mu51QrEzwdL-vwnYh2eg.woff2” has a media type of font/woff2
11/14/24, 12:38:42 PM - MEDIA TYPE: “https://fonts.gstatic.com/s/roboto/v32/KFOiCnqEu92Fr1Mu51QrEzMdL-vwnYh2eg.woff2” has a media type of font/woff2
11/14/24, 12:38:52 PM - MEDIA TYPE: “https://fonts.gstatic.com/s/roboto/v32/KFOiCnqEu92Fr1Mu51QrEz8dL-vwnYh2eg.woff2” has a media type of font/woff2
11/14/24, 12:39:02 PM - MEDIA TYPE: “https://fonts.gstatic.com/s/roboto/v32/KFOiCnqEu92Fr1Mu51QrEz4dL-vwnYh2eg.woff2” has a media type of font/woff2
11/14/24, 12:39:12 PM - MEDIA TYPE: “https://fonts.gstatic.com/s/roboto/v32/KFOiCnqEu92Fr1Mu51QrEzAdL-vwnYg.woff2” has a media type of font/woff2
11/14/24, 12:39:22 PM - MEDIA TYPE: “https://fonts.gstatic.com/s/roboto/v32/KFOjCnqEu92Fr1Mu51TjASc3CsTYl4BOQ3o.woff2” has a media type of font/woff2
11/14/24, 12:39:32 PM - MEDIA TYPE: “https://fonts.gstatic.com/s/roboto/v32/KFOjCnqEu92Fr1Mu51TjASc-CsTYl4BOQ3o.woff2” has a media type of font/woff2
11/14/24, 12:39:42 PM - MEDIA TYPE: “https://fonts.gstatic.com/s/roboto/v32/KFOjCnqEu92Fr1Mu51TjASc2CsTYl4BOQ3o.woff2” has a media type of font/woff2
11/14/24, 12:39:52 PM - MEDIA TYPE: “https://fonts.gstatic.com/s/roboto/v32/KFOjCnqEu92Fr1Mu51TjASc5CsTYl4BOQ3o.woff2” has a media type of font/woff2
11/14/24, 12:40:02 PM - MEDIA TYPE: “https://fonts.gstatic.com/s/roboto/v32/KFOjCnqEu92Fr1Mu51TjASc1CsTYl4BOQ3o.woff2” has a media type of font/woff2
11/14/24, 12:40:12 PM - MEDIA TYPE: “https://fonts.gstatic.com/s/roboto/v32/KFOjCnqEu92Fr1Mu51TjASc0CsTYl4BOQ3o.woff2” has a media type of font/woff2
11/14/24, 12:40:22 PM - MEDIA TYPE: “https://fonts.gstatic.com/s/roboto/v32/KFOjCnqEu92Fr1Mu51TjASc6CsTYl4BO.woff2” has a media type of font/woff2
11/14/24, 12:40:32 PM - MEDIA TYPE: “https://fonts.gstatic.com/s/roboto/v32/KFOkCnqEu92Fr1Mu51xFIzIXKMnyrYk.woff2” has a media type of font/woff2
11/14/24, 12:40:42 PM - MEDIA TYPE: “https://fonts.gstatic.com/s/roboto/v32/KFOkCnqEu92Fr1Mu51xMIzIXKMnyrYk.woff2” has a media type of font/woff2
11/14/24, 12:40:52 PM - MEDIA TYPE: “https://fonts.gstatic.com/s/roboto/v32/KFOkCnqEu92Fr1Mu51xEIzIXKMnyrYk.woff2” has a media type of font/woff2
11/14/24, 12:41:02 PM - MEDIA TYPE: “https://fonts.gstatic.com/s/roboto/v32/KFOkCnqEu92Fr1Mu51xLIzIXKMnyrYk.woff2” has a media type of font/woff2
11/14/24, 12:41:12 PM - MEDIA TYPE: “https://fonts.gstatic.com/s/roboto/v32/KFOkCnqEu92Fr1Mu51xHIzIXKMnyrYk.woff2” has a media type of font/woff2
11/14/24, 12:41:22 PM - MEDIA TYPE: “https://fonts.gstatic.com/s/roboto/v32/KFOkCnqEu92Fr1Mu51xGIzIXKMnyrYk.woff2” has a media type of font/woff2
11/14/24, 12:41:32 PM - MEDIA TYPE: “https://fonts.gstatic.com/s/roboto/v32/KFOkCnqEu92Fr1Mu51xIIzIXKMny.woff2” has a media type of font/woff2
11/14/24, 12:41:42 PM - MEDIA TYPE: “https://fonts.gstatic.com/s/roboto/v32/KFOjCnqEu92Fr1Mu51S7ACc3CsTYl4BOQ3o.woff2” has a media type of font/woff2
11/14/24, 12:41:52 PM - MEDIA TYPE: “https://fonts.gstatic.com/s/roboto/v32/KFOjCnqEu92Fr1Mu51S7ACc-CsTYl4BOQ3o.woff2” has a media type of font/woff2
11/14/24, 12:42:02 PM - MEDIA TYPE: “https://fonts.gstatic.com/s/roboto/v32/KFOjCnqEu92Fr1Mu51S7ACc2CsTYl4BOQ3o.woff2” has a media type of font/woff2
11/14/24, 12:42:12 PM - MEDIA TYPE: “https://fonts.gstatic.com/s/roboto/v32/KFOjCnqEu92Fr1Mu51S7ACc5CsTYl4BOQ3o.woff2” has a media type of font/woff2
11/14/24, 12:42:22 PM - MEDIA TYPE: “https://fonts.gstatic.com/s/roboto/v32/KFOjCnqEu92Fr1Mu51S7ACc1CsTYl4BOQ3o.woff2” has a media type of font/woff2
11/14/24, 12:42:32 PM - MEDIA TYPE: “https://fonts.gstatic.com/s/roboto/v32/KFOjCnqEu92Fr1Mu51S7ACc0CsTYl4BOQ3o.woff2” has a media type of font/woff2
11/14/24, 12:42:42 PM - MEDIA TYPE: “https://fonts.gstatic.com/s/roboto/v32/KFOjCnqEu92Fr1Mu51S7ACc6CsTYl4BO.woff2” has a media type of font/woff2
11/14/24, 12:42:52 PM - MEDIA TYPE: “https://fonts.gstatic.com/s/roboto/v32/KFOjCnqEu92Fr1Mu51TzBic3CsTYl4BOQ3o.woff2” has a media type of font/woff2
11/14/24, 12:43:02 PM - MEDIA TYPE: “https://fonts.gstatic.com/s/roboto/v32/KFOjCnqEu92Fr1Mu51TzBic-CsTYl4BOQ3o.woff2” has a media type of font/woff2
11/14/24, 12:43:12 PM - MEDIA TYPE: “https://fonts.gstatic.com/s/roboto/v32/KFOjCnqEu92Fr1Mu51TzBic2CsTYl4BOQ3o.woff2” has a media type of font/woff2
11/14/24, 12:43:22 PM - MEDIA TYPE: “https://fonts.gstatic.com/s/roboto/v32/KFOjCnqEu92Fr1Mu51TzBic5CsTYl4BOQ3o.woff2” has a media type of font/woff2
11/14/24, 12:43:32 PM - MEDIA TYPE: “https://fonts.gstatic.com/s/roboto/v32/KFOjCnqEu92Fr1Mu51TzBic1CsTYl4BOQ3o.woff2” has a media type of font/woff2
11/14/24, 12:43:42 PM - MEDIA TYPE: “https://fonts.gstatic.com/s/roboto/v32/KFOjCnqEu92Fr1Mu51TzBic0CsTYl4BOQ3o.woff2” has a media type of font/woff2
11/14/24, 12:43:52 PM - MEDIA TYPE: “https://fonts.gstatic.com/s/roboto/v32/KFOjCnqEu92Fr1Mu51TzBic6CsTYl4BO.woff2” has a media type of font/woff2
11/14/24, 12:44:02 PM - MEDIA TYPE: “https://fonts.gstatic.com/s/roboto/v32/KFOjCnqEu92Fr1Mu51TLBCc3CsTYl4BOQ3o.woff2” has a media type of font/woff2
11/14/24, 12:44:12 PM - MEDIA TYPE: “https://fonts.gstatic.com/s/roboto/v32/KFOjCnqEu92Fr1Mu51TLBCc-CsTYl4BOQ3o.woff2” has a media type of font/woff2
11/14/24, 12:44:22 PM - MEDIA TYPE: “https://fonts.gstatic.com/s/roboto/v32/KFOjCnqEu92Fr1Mu51TLBCc2CsTYl4BOQ3o.woff2” has a media type of font/woff2
11/14/24, 12:44:32 PM - MEDIA TYPE: “https://fonts.gstatic.com/s/roboto/v32/KFOjCnqEu92Fr1Mu51TLBCc5CsTYl4BOQ3o.woff2” has a media type of font/woff2
11/14/24, 12:44:42 PM - MEDIA TYPE: “https://fonts.gstatic.com/s/roboto/v32/KFOjCnqEu92Fr1Mu51TLBCc1CsTYl4BOQ3o.woff2” has a media type of font/woff2
11/14/24, 12:44:52 PM - MEDIA TYPE: “https://fonts.gstatic.com/s/roboto/v32/KFOjCnqEu92Fr1Mu51TLBCc0CsTYl4BOQ3o.woff2” has a media type of font/woff2
11/14/24, 12:45:02 PM - MEDIA TYPE: “https://fonts.gstatic.com/s/roboto/v32/KFOjCnqEu92Fr1Mu51TLBCc6CsTYl4BO.woff2” has a media type of font/woff2
11/14/24, 12:45:12 PM - MEDIA TYPE: “https://fonts.gstatic.com/s/roboto/v32/KFOkCnqEu92Fr1MmgVxFIzIXKMnyrYk.woff2” has a media type of font/woff2
11/14/24, 12:45:22 PM - MEDIA TYPE: “https://fonts.gstatic.com/s/roboto/v32/KFOkCnqEu92Fr1MmgVxMIzIXKMnyrYk.woff2” has a media type of font/woff2
11/14/24, 12:45:32 PM - MEDIA TYPE: “https://fonts.gstatic.com/s/roboto/v32/KFOkCnqEu92Fr1MmgVxEIzIXKMnyrYk.woff2” has a media type of font/woff2
11/14/24, 12:45:42 PM - MEDIA TYPE: “https://fonts.gstatic.com/s/roboto/v32/KFOkCnqEu92Fr1MmgVxLIzIXKMnyrYk.woff2” has a media type of font/woff2
11/14/24, 12:45:52 PM - MEDIA TYPE: “https://fonts.gstatic.com/s/roboto/v32/KFOkCnqEu92Fr1MmgVxHIzIXKMnyrYk.woff2” has a media type of font/woff2
11/14/24, 12:46:02 PM - MEDIA TYPE: “https://fonts.gstatic.com/s/roboto/v32/KFOkCnqEu92Fr1MmgVxGIzIXKMnyrYk.woff2” has a media type of font/woff2
11/14/24, 12:46:12 PM - MEDIA TYPE: “https://fonts.gstatic.com/s/roboto/v32/KFOkCnqEu92Fr1MmgVxIIzIXKMny.woff2” has a media type of font/woff2
11/14/24, 12:46:22 PM - MEDIA TYPE: “https://fonts.gstatic.com/s/roboto/v32/KFOlCnqEu92Fr1MmSU5fCRc4AMP6lbBP.woff2” has a media type of font/woff2
11/14/24, 12:46:32 PM - MEDIA TYPE: “https://fonts.gstatic.com/s/roboto/v32/KFOlCnqEu92Fr1MmSU5fABc4AMP6lbBP.woff2” has a media type of font/woff2
11/14/24, 12:46:42 PM - MEDIA TYPE: “https://fonts.gstatic.com/s/roboto/v32/KFOlCnqEu92Fr1MmSU5fCBc4AMP6lbBP.woff2” has a media type of font/woff2
11/14/24, 12:46:52 PM - MEDIA TYPE: “https://fonts.gstatic.com/s/roboto/v32/KFOlCnqEu92Fr1MmSU5fBxc4AMP6lbBP.woff2” has a media type of font/woff2
11/14/24, 12:47:02 PM - MEDIA TYPE: “https://fonts.gstatic.com/s/roboto/v32/KFOlCnqEu92Fr1MmSU5fCxc4AMP6lbBP.woff2” has a media type of font/woff2
11/14/24, 12:47:12 PM - MEDIA TYPE: “https://fonts.gstatic.com/s/roboto/v32/KFOlCnqEu92Fr1MmSU5fChc4AMP6lbBP.woff2” has a media type of font/woff2
11/14/24, 12:47:22 PM - MEDIA TYPE: “https://fonts.gstatic.com/s/roboto/v32/KFOlCnqEu92Fr1MmSU5fBBc4AMP6lQ.woff2” has a media type of font/woff2
11/14/24, 12:47:32 PM - MEDIA TYPE: “https://fonts.gstatic.com/s/roboto/v32/KFOmCnqEu92Fr1Mu72xKKTU1Kvnz.woff2” has a media type of font/woff2
11/14/24, 12:47:42 PM - MEDIA TYPE: “https://fonts.gstatic.com/s/roboto/v32/KFOmCnqEu92Fr1Mu5mxKKTU1Kvnz.woff2” has a media type of font/woff2
11/14/24, 12:47:52 PM - MEDIA TYPE: “https://fonts.gstatic.com/s/roboto/v32/KFOmCnqEu92Fr1Mu7mxKKTU1Kvnz.woff2” has a media type of font/woff2
11/14/24, 12:48:02 PM - MEDIA TYPE: “https://fonts.gstatic.com/s/roboto/v32/KFOmCnqEu92Fr1Mu4WxKKTU1Kvnz.woff2” has a media type of font/woff2
11/14/24, 12:48:12 PM - MEDIA TYPE: “https://fonts.gstatic.com/s/roboto/v32/KFOmCnqEu92Fr1Mu7WxKKTU1Kvnz.woff2” has a media type of font/woff2
11/14/24, 12:48:22 PM - MEDIA TYPE: “https://fonts.gstatic.com/s/roboto/v32/KFOmCnqEu92Fr1Mu7GxKKTU1Kvnz.woff2” has a media type of font/woff2
11/14/24, 12:48:32 PM - MEDIA TYPE: “https://fonts.gstatic.com/s/roboto/v32/KFOmCnqEu92Fr1Mu4mxKKTU1Kg.woff2” has a media type of font/woff2
11/14/24, 12:48:42 PM - MEDIA TYPE: “https://fonts.gstatic.com/s/roboto/v32/KFOlCnqEu92Fr1MmEU9fCRc4AMP6lbBP.woff2” has a media type of font/woff2
11/14/24, 12:48:52 PM - MEDIA TYPE: “https://fonts.gstatic.com/s/roboto/v32/KFOlCnqEu92Fr1MmEU9fABc4AMP6lbBP.woff2” has a media type of font/woff2
11/14/24, 12:49:02 PM - MEDIA TYPE: “https://fonts.gstatic.com/s/roboto/v32/KFOlCnqEu92Fr1MmEU9fCBc4AMP6lbBP.woff2” has a media type of font/woff2
11/14/24, 12:49:12 PM - MEDIA TYPE: “https://fonts.gstatic.com/s/roboto/v32/KFOlCnqEu92Fr1MmEU9fBxc4AMP6lbBP.woff2” has a media type of font/woff2
11/14/24, 12:49:22 PM - MEDIA TYPE: “https://fonts.gstatic.com/s/roboto/v32/KFOlCnqEu92Fr1MmEU9fCxc4AMP6lbBP.woff2” has a media type of font/woff2
11/14/24, 12:49:32 PM - MEDIA TYPE: “https://fonts.gstatic.com/s/roboto/v32/KFOlCnqEu92Fr1MmEU9fChc4AMP6lbBP.woff2” has a media type of font/woff2
11/14/24, 12:49:42 PM - MEDIA TYPE: “https://fonts.gstatic.com/s/roboto/v32/KFOlCnqEu92Fr1MmEU9fBBc4AMP6lQ.woff2” has a media type of font/woff2
11/14/24, 12:49:52 PM - MEDIA TYPE: “https://fonts.gstatic.com/s/roboto/v32/KFOlCnqEu92Fr1MmWUlfCRc4AMP6lbBP.woff2” has a media type of font/woff2
11/14/24, 12:50:02 PM - MEDIA TYPE: “https://fonts.gstatic.com/s/roboto/v32/KFOlCnqEu92Fr1MmWUlfABc4AMP6lbBP.woff2” has a media type of font/woff2
11/14/24, 12:50:12 PM - MEDIA TYPE: “https://fonts.gstatic.com/s/roboto/v32/KFOlCnqEu92Fr1MmWUlfCBc4AMP6lbBP.woff2” has a media type of font/woff2
11/14/24, 12:50:22 PM - MEDIA TYPE: “https://fonts.gstatic.com/s/roboto/v32/KFOlCnqEu92Fr1MmWUlfBxc4AMP6lbBP.woff2” has a media type of font/woff2
11/14/24, 12:50:32 PM - MEDIA TYPE: “https://fonts.gstatic.com/s/roboto/v32/KFOlCnqEu92Fr1MmWUlfCxc4AMP6lbBP.woff2” has a media type of font/woff2
11/14/24, 12:50:42 PM - MEDIA TYPE: “https://fonts.gstatic.com/s/roboto/v32/KFOlCnqEu92Fr1MmWUlfChc4AMP6lbBP.woff2” has a media type of font/woff2
11/14/24, 12:50:52 PM - MEDIA TYPE: “https://fonts.gstatic.com/s/roboto/v32/KFOlCnqEu92Fr1MmWUlfBBc4AMP6lQ.woff2” has a media type of font/woff2
11/14/24, 12:51:02 PM - MEDIA TYPE: “https://fonts.gstatic.com/s/roboto/v32/KFOlCnqEu92Fr1MmYUtfCRc4AMP6lbBP.woff2” has a media type of font/woff2
11/14/24, 12:51:12 PM - MEDIA TYPE: “https://fonts.gstatic.com/s/roboto/v32/KFOlCnqEu92Fr1MmYUtfABc4AMP6lbBP.woff2” has a media type of font/woff2
11/14/24, 12:51:22 PM - MEDIA TYPE: “https://fonts.gstatic.com/s/roboto/v32/KFOlCnqEu92Fr1MmYUtfCBc4AMP6lbBP.woff2” has a media type of font/woff2
11/14/24, 12:51:22 PM - MEDIA TYPE: “https://dd-cdn.multiscreensite.com/fonts/Museo_Slab_500.otf” has a media type of application/font-sfnt
11/14/24, 12:51:32 PM - MEDIA TYPE: “https://fonts.gstatic.com/s/roboto/v32/KFOlCnqEu92Fr1MmYUtfBxc4AMP6lbBP.woff2” has a media type of font/woff2
11/14/24, 12:51:32 PM - MEDIA TYPE: “https://dd-cdn.multiscreensite.com/runtime-img/arrowBlackRight.png” has a media type of image/png
11/14/24, 12:51:32 PM - MEDIA TYPE: “https://s3.amazonaws.com/dudamobile-themes/Icons/searchBtn.png” has a media type of image/png
11/14/24, 12:51:42 PM - MEDIA TYPE: “https://fonts.gstatic.com/s/roboto/v32/KFOlCnqEu92Fr1MmYUtfCxc4AMP6lbBP.woff2” has a media type of font/woff2
11/14/24, 12:51:42 PM - MEDIA TYPE: “https://dd-cdn.multiscreensite.com/runtime-img/restaurantMenu/menu-image1.jpg” has a media type of image/jpeg
11/14/24, 12:51:52 PM - MEDIA TYPE: “https://fonts.gstatic.com/s/roboto/v32/KFOlCnqEu92Fr1MmYUtfChc4AMP6lbBP.woff2” has a media type of font/woff2
11/14/24, 12:51:52 PM - MEDIA TYPE: “https://dd-cdn.multiscreensite.com/fonts/Opes_Sans_Hebrew/opensanshebrew-lightitalic-webfont.eot” has a media type of application/vnd.ms-fontobject
11/14/24, 12:52:02 PM - MEDIA TYPE: “https://fonts.gstatic.com/s/roboto/v32/KFOlCnqEu92Fr1MmYUtfBBc4AMP6lQ.woff2” has a media type of font/woff2
11/14/24, 12:52:02 PM - MEDIA TYPE: “https://dd-cdn.multiscreensite.com/fonts/Opes_Sans_Hebrew/opensanshebrew-lightitalic-webfont.eot?” has a media type of application/vnd.ms-fontobject
11/14/24, 12:52:12 PM - MEDIA TYPE: “https://dd-cdn.multiscreensite.com/fonts/Opes_Sans_Hebrew/opensanshebrew-lightitalic-webfont.woff” has a media type of application/font-woff
11/14/24, 12:52:22 PM - MEDIA TYPE: “https://dd-cdn.multiscreensite.com/fonts/Opes_Sans_Hebrew/opensanshebrew-lightitalic-webfont.ttf” has a media type of application/font-sfnt
11/14/24, 12:52:32 PM - MEDIA TYPE: “https://dd-cdn.multiscreensite.com/fonts/Opes_Sans_Hebrew/opensanshebrew-light-webfont.eot” has a media type of application/vnd.ms-fontobject
11/14/24, 12:52:42 PM - MEDIA TYPE: “https://dd-cdn.multiscreensite.com/fonts/Opes_Sans_Hebrew/opensanshebrew-light-webfont.eot?” has a media type of application/vnd.ms-fontobject
11/14/24, 12:52:52 PM - MEDIA TYPE: “https://dd-cdn.multiscreensite.com/fonts/Opes_Sans_Hebrew/opensanshebrew-light-webfont.woff” has a media type of application/font-woff
11/14/24, 12:53:02 PM - MEDIA TYPE: “https://dd-cdn.multiscreensite.com/fonts/Opes_Sans_Hebrew/opensanshebrew-light-webfont.ttf” has a media type of application/font-sfnt
11/14/24, 12:53:12 PM - MEDIA TYPE: “https://dd-cdn.multiscreensite.com/fonts/Opes_Sans_Hebrew/opensanshebrew-italic-webfont.eot” has a media type of application/vnd.ms-fontobject
11/14/24, 12:53:22 PM - MEDIA TYPE: “https://dd-cdn.multiscreensite.com/fonts/Opes_Sans_Hebrew/opensanshebrew-italic-webfont.eot?” has a media type of application/vnd.ms-fontobject
11/14/24, 12:53:32 PM - MEDIA TYPE: “https://dd-cdn.multiscreensite.com/fonts/Opes_Sans_Hebrew/opensanshebrew-italic-webfont.woff” has a media type of application/font-woff
11/14/24, 12:53:42 PM - MEDIA TYPE: “https://dd-cdn.multiscreensite.com/fonts/Opes_Sans_Hebrew/opensanshebrew-italic-webfont.ttf” has a media type of application/font-sfnt
11/14/24, 12:53:52 PM - MEDIA TYPE: “https://dd-cdn.multiscreensite.com/fonts/Opes_Sans_Hebrew/opensanshebrew-regular-webfont.eot” has a media type of application/vnd.ms-fontobject
11/14/24, 12:54:02 PM - MEDIA TYPE: “https://dd-cdn.multiscreensite.com/fonts/Opes_Sans_Hebrew/opensanshebrew-regular-webfont.eot?” has a media type of application/vnd.ms-fontobject
11/14/24, 12:54:12 PM - MEDIA TYPE: “https://dd-cdn.multiscreensite.com/fonts/Opes_Sans_Hebrew/opensanshebrew-regular-webfont.woff” has a media type of application/font-woff
11/14/24, 12:54:22 PM - MEDIA TYPE: “https://dd-cdn.multiscreensite.com/fonts/Opes_Sans_Hebrew/opensanshebrew-regular-webfont.ttf” has a media type of application/font-sfnt
11/14/24, 12:54:32 PM - MEDIA TYPE: “https://dd-cdn.multiscreensite.com/fonts/Opes_Sans_Hebrew/opensanshebrew-bolditalic-webfont.eot” has a media type of application/vnd.ms-fontobject
11/14/24, 12:54:42 PM - MEDIA TYPE: “https://dd-cdn.multiscreensite.com/fonts/Opes_Sans_Hebrew/opensanshebrew-bolditalic-webfont.eot?” has a media type of application/vnd.ms-fontobject
11/14/24, 12:54:52 PM - MEDIA TYPE: “https://dd-cdn.multiscreensite.com/fonts/Opes_Sans_Hebrew/opensanshebrew-bolditalic-webfont.woff” has a media type of application/font-woff
11/14/24, 12:55:02 PM - MEDIA TYPE: “https://dd-cdn.multiscreensite.com/fonts/Opes_Sans_Hebrew/opensanshebrew-bolditalic-webfont.ttf” has a media type of application/font-sfnt
11/14/24, 12:55:12 PM - MEDIA TYPE: “https://dd-cdn.multiscreensite.com/fonts/Opes_Sans_Hebrew/opensanshebrew-bold-webfont.eot” has a media type of application/vnd.ms-fontobject
11/14/24, 12:55:22 PM - MEDIA TYPE: “https://dd-cdn.multiscreensite.com/fonts/Opes_Sans_Hebrew/opensanshebrew-bold-webfont.eot?” has a media type of application/vnd.ms-fontobject
11/14/24, 12:55:32 PM - MEDIA TYPE: “https://dd-cdn.multiscreensite.com/fonts/Opes_Sans_Hebrew/opensanshebrew-bold-webfont.woff” has a media type of application/font-woff
11/14/24, 12:55:42 PM - MEDIA TYPE: “https://dd-cdn.multiscreensite.com/fonts/Opes_Sans_Hebrew/opensanshebrew-bold-webfont.ttf” has a media type of application/font-sfnt
11/14/24, 12:55:52 PM - MEDIA TYPE: “https://dd-cdn.multiscreensite.com/fonts/Opes_Sans_Hebrew/opensanshebrew-extrabold-webfont.eot” has a media type of application/vnd.ms-fontobject
11/14/24, 12:56:02 PM - MEDIA TYPE: “https://dd-cdn.multiscreensite.com/fonts/Opes_Sans_Hebrew/opensanshebrew-extrabold-webfont.eot?” has a media type of application/vnd.ms-fontobject
11/14/24, 12:56:02 PM - MEDIA TYPE: “https://static.cdn-website.com/fonts/dm-social-font.woff?mxo7pn” has a media type of application/font-woff
11/14/24, 12:56:12 PM - MEDIA TYPE: “https://dd-cdn.multiscreensite.com/fonts/Opes_Sans_Hebrew/opensanshebrew-extrabold-webfont.woff” has a media type of application/font-woff
11/14/24, 12:56:12 PM - MEDIA TYPE: “https://static.cdn-website.com/fonts/dm-social-font.ttf?mxo7pn” has a media type of application/font-sfnt
11/14/24, 12:56:22 PM - MEDIA TYPE: “https://dd-cdn.multiscreensite.com/fonts/Opes_Sans_Hebrew/opensanshebrew-extrabold-webfont.ttf” has a media type of application/font-sfnt
11/14/24, 12:56:22 PM - MEDIA TYPE: “https://static.cdn-website.com/fonts/dm-social-font.svg?mxo7pn” has a media type of application/xml
11/14/24, 12:56:32 PM - MEDIA TYPE: “https://dd-cdn.multiscreensite.com/fonts/Alef-Regular.woff2” has a media type of binary/octet-stream
11/14/24, 12:56:32 PM - MEDIA TYPE: “https://static.cdn-website.com/fonts/dm-font.woff?v=12” has a media type of application/font-woff
11/14/24, 12:56:42 PM - MEDIA TYPE: “https://dd-cdn.multiscreensite.com/fonts/Alef-Bold.woff2” has a media type of binary/octet-stream
11/14/24, 12:56:42 PM - MEDIA TYPE: “https://static.cdn-website.com/fonts/dm-font.ttf?v=12” has a media type of application/font-sfnt
11/14/24, 12:56:52 PM - MEDIA TYPE: “https://static.cdn-website.com/fonts/dm-font.svg?v=12” has a media type of application/xml
11/14/24, 12:57:02 PM - MEDIA TYPE: “https://static.cdn-website.com/fonts/LabelSansVF.woff?v=1” has a media type of application/font-woff
11/14/24, 12:57:12 PM - MEDIA TYPE: “https://static.cdn-website.com/fonts/LabelSansVF.woff2?v=1” has a media type of application/octet-stream
11/14/24, 12:57:22 PM - MEDIA TYPE: “https://static.cdn-website.com/fonts/social_icons/dm-social-icons.ttf?v=xtwitter” has a media type of font/ttf
11/14/24, 12:57:32 PM - MEDIA TYPE: “https://dd-cdn.multiscreensite.com/fonts/additionalfonts/e2fc0b95199b08bc.woff” has a media type of application/octet-stream
11/14/24, 12:57:32 PM - MEDIA TYPE: “https://static.cdn-website.com/fonts/social_icons/dm-social-icons.woff?v=xtwitter” has a media type of application/font-woff
11/14/24, 12:57:42 PM - MEDIA TYPE: “https://dd-cdn.multiscreensite.com/fonts/additionalfonts/a38f38c55b7a57a.woff” has a media type of application/octet-stream
11/14/24, 12:57:42 PM - MEDIA TYPE: “https://static.cdn-website.com/fonts/social_icons/dm-social-icons.svg?v=xtwitter” has a media type of image/svg+xml
11/14/24, 12:57:52 PM - MEDIA TYPE: “https://static.cdn-website.com/fonts/dm-common-icons.ttf?5f0fg” has a media type of application/octet-stream
11/14/24, 12:57:52 PM - MEDIA TYPE: “https://dd-cdn.multiscreensite.com/fonts/additionalfonts/ec49acf58c10f8a9.woff” has a media type of application/octet-stream
11/14/24, 12:58:02 PM - MEDIA TYPE: “https://static.cdn-website.com/fonts/dm-common-icons.woff?5f0fg” has a media type of application/font-woff
11/14/24, 12:58:02 PM - MEDIA TYPE: “https://dd-cdn.multiscreensite.com/fonts/additionalfonts/bac7cf2e21ae24d1.woff” has a media type of application/octet-stream
11/14/24, 12:58:12 PM - MEDIA TYPE: “https://static.cdn-website.com/fonts/dm-common-icons.svg?5f0fg” has a media type of image/svg+xml
11/14/24, 12:58:12 PM - MEDIA TYPE: “https://dd-cdn.multiscreensite.com/fonts/additionalfonts/f5c444da86865f17.woff” has a media type of application/octet-stream
11/14/24, 12:58:22 PM - MEDIA TYPE: “https://dd-cdn.multiscreensite.com/fonts/additionalfonts/f5c444da86865f171.woff” has a media type of application/octet-stream
11/14/24, 12:58:32 PM - MEDIA TYPE: “https://dd-cdn.multiscreensite.com/fonts/additionalfonts/f889a07745b512491.woff” has a media type of application/octet-stream
11/14/24, 12:58:42 PM - MEDIA TYPE: “https://dd-cdn.multiscreensite.com/fonts/additionalfonts/f889a07745b51249.woff” has a media type of application/octet-stream
11/14/24, 12:58:52 PM - MEDIA TYPE: “https://dd-cdn.multiscreensite.com/fonts/additionalfonts/107a32db89f1285b1.woff” has a media type of application/octet-stream
11/14/24, 12:59:02 PM - MEDIA TYPE: “https://dd-cdn.multiscreensite.com/fonts/additionalfonts/107a32db89f1285b4.woff” has a media type of application/octet-stream
11/14/24, 12:59:12 PM - MEDIA TYPE: “https://dd-cdn.multiscreensite.com/fonts/additionalfonts/e5fc7a757e7988.woff” has a media type of application/octet-stream
11/14/24, 12:59:22 PM - MEDIA TYPE: “https://dd-cdn.multiscreensite.com/fonts/additionalfonts/e5fc7a757e79881.woff” has a media type of application/octet-stream
11/14/24, 12:59:32 PM - MEDIA TYPE: “https://dd-cdn.multiscreensite.com/fonts/additionalfonts/bc3ca414adf5d1d.woff” has a media type of application/octet-stream
11/14/24, 12:59:42 PM - MEDIA TYPE: “https://dd-cdn.multiscreensite.com/fonts/additionalfonts/bc3ca414adf5d1d1.woff” has a media type of application/octet-stream
11/14/24, 12:59:52 PM - MEDIA TYPE: “https://dd-cdn.multiscreensite.com/fonts/additionalfonts/28f652d19e80fbde1.woff” has a media type of application/octet-stream
11/14/24, 1:00:02 PM - MEDIA TYPE: “https://dd-cdn.multiscreensite.com/fonts/additionalfonts/28f652d19e80fbde11.woff” has a media type of application/octet-stream
11/14/24, 1:00:12 PM - MEDIA TYPE: “https://dd-cdn.multiscreensite.com/fonts/additionalfonts/cd26fb9258467dc1b.woff” has a media type of application/octet-stream
11/14/24, 1:00:22 PM - MEDIA TYPE: “https://dd-cdn.multiscreensite.com/fonts/additionalfonts/cd26fb9258467dcb2.woff” has a media type of application/octet-stream
11/14/24, 1:00:32 PM - MEDIA TYPE: “https://dd-cdn.multiscreensite.com/fonts/additionalfonts/48066a2ff839778c2.woff” has a media type of application/octet-stream
11/14/24, 1:00:42 PM - MEDIA TYPE: “https://dd-cdn.multiscreensite.com/fonts/additionalfonts/48066a2ff839778c.woff” has a media type of application/octet-stream
11/14/24, 1:00:52 PM - MEDIA TYPE: “https://dd-cdn.multiscreensite.com/fonts/additionalfonts/6d3318b718754b78.woff” has a media type of application/octet-stream
11/14/24, 1:01:02 PM - MEDIA TYPE: “https://dd-cdn.multiscreensite.com/fonts/additionalfonts/6d3318b718754b781.woff” has a media type of application/octet-stream
11/14/24, 1:01:12 PM - MEDIA TYPE: “https://dd-cdn.multiscreensite.com/fonts/additionalfonts/9d22fae1754942f63.woff” has a media type of application/octet-stream
11/14/24, 1:01:22 PM - MEDIA TYPE: “https://dd-cdn.multiscreensite.com/fonts/additionalfonts/9d22fae1754942f6.woff” has a media type of application/octet-stream
11/14/24, 1:01:32 PM - MEDIA TYPE: “https://dd-cdn.multiscreensite.com/fonts/additionalfonts/325a0ea84e3a993.woff” has a media type of application/octet-stream
11/14/24, 1:01:42 PM - MEDIA TYPE: “https://dd-cdn.multiscreensite.com/fonts/additionalfonts/325a0ea84e3a99.woff” has a media type of application/octet-stream
11/14/24, 1:01:52 PM - MEDIA TYPE: “https://dd-cdn.multiscreensite.com/fonts/additionalfonts/53198ebebffbde25.woff” has a media type of application/octet-stream
11/14/24, 1:02:02 PM - MEDIA TYPE: “https://dd-cdn.multiscreensite.com/fonts/additionalfonts/53198ebebffbde21.woff” has a media type of font/woff
11/14/24, 1:02:12 PM - MEDIA TYPE: “https://dd-cdn.multiscreensite.com/fonts/additionalfonts/9f2d68f1d69270015.woff” has a media type of application/octet-stream
11/14/24, 1:02:22 PM - MEDIA TYPE: “https://dd-cdn.multiscreensite.com/fonts/additionalfonts/9f2d68f1d69270018.woff” has a media type of application/octet-stream
11/14/24, 1:02:32 PM - MEDIA TYPE: “https://dd-cdn.multiscreensite.com/fonts/additionalfonts/d843412155f4ee4b3.woff” has a media type of application/octet-stream
11/14/24, 1:02:42 PM - MEDIA TYPE: “https://dd-cdn.multiscreensite.com/fonts/additionalfonts/d843412155f4ee4b.woff” has a media type of application/octet-stream
11/14/24, 1:02:52 PM - MEDIA TYPE: “https://dd-cdn.multiscreensite.com/fonts/additionalfonts/a81a5e6e6b2de22.woff” has a media type of application/octet-stream
11/14/24, 1:03:02 PM - MEDIA TYPE: “https://dd-cdn.multiscreensite.com/fonts/additionalfonts/a81a5e6e6b2de224.woff” has a media type of application/octet-stream
11/14/24, 1:03:12 PM - MEDIA TYPE: “https://dd-cdn.multiscreensite.com/fonts/additionalfonts/a4ba60ff9fc73cf87.woff” has a media type of application/octet-stream
11/14/24, 1:03:22 PM - MEDIA TYPE: “https://dd-cdn.multiscreensite.com/fonts/additionalfonts/a4ba60ff9fc73cf85.woff” has a media type of application/octet-stream
11/14/24, 1:03:32 PM - MEDIA TYPE: “https://dd-cdn.multiscreensite.com/fonts/additionalfonts/47b9a7080319bd8b9.woff” has a media type of application/octet-stream
11/14/24, 1:03:42 PM - MEDIA TYPE: “https://dd-cdn.multiscreensite.com/fonts/additionalfonts/47b9a7080319bd8b.woff” has a media type of application/octet-stream
11/14/24, 1:03:52 PM - MEDIA TYPE: “https://dd-cdn.multiscreensite.com/fonts/additionalfonts/1a31561daae4e6f6.woff” has a media type of application/octet-stream
11/14/24, 1:04:02 PM - MEDIA TYPE: “https://dd-cdn.multiscreensite.com/fonts/additionalfonts/1a31561daae4e6f5.woff” has a media type of application/octet-stream
11/14/24, 1:04:12 PM - MEDIA TYPE: “https://dd-cdn.multiscreensite.com/fonts/additionalfonts/3b8723a173ab23db6.woff” has a media type of application/octet-stream
11/14/24, 1:04:22 PM - MEDIA TYPE: “https://dd-cdn.multiscreensite.com/fonts/additionalfonts/3b8723a173ab23db9.woff” has a media type of application/octet-stream
11/14/24, 1:04:32 PM - MEDIA TYPE: “https://dd-cdn.multiscreensite.com/fonts/additionalfonts/5128cd07406988e2.woff” has a media type of application/octet-stream
11/14/24, 1:04:42 PM - MEDIA TYPE: “https://dd-cdn.multiscreensite.com/fonts/additionalfonts/5128cd07406988e3.woff” has a media type of application/octet-stream
11/14/24, 1:04:52 PM - MEDIA TYPE: “https://dd-cdn.multiscreensite.com/fonts/additionalfonts/a7bbb29f8e80de7b.woff” has a media type of application/octet-stream
11/14/24, 1:05:02 PM - MEDIA TYPE: “https://dd-cdn.multiscreensite.com/fonts/additionalfonts/a7bbb29f8e80de7b4.woff” has a media type of application/octet-stream
11/14/24, 1:05:12 PM - MEDIA TYPE: “https://dd-cdn.multiscreensite.com/fonts/additionalfonts/31691cf572f5bde34.woff” has a media type of application/octet-stream
11/14/24, 1:05:22 PM - MEDIA TYPE: “https://dd-cdn.multiscreensite.com/fonts/additionalfonts/31691cf572f5bde8.woff” has a media type of application/octet-stream
11/14/24, 1:05:23 PM - MEDIA TYPE: “https://static.cdn-website.com/fonts/flexslider-icon.woff” has a media type of application/font-woff
11/14/24, 1:05:32 PM - MEDIA TYPE: “https://dd-cdn.multiscreensite.com/fonts/additionalfonts/1291d1e7f9fa73947.woff” has a media type of application/octet-stream
11/14/24, 1:05:33 PM - MEDIA TYPE: “https://dp-cdn.multiscreensite.com/bfsImages/sunset-hair.jpg” has a media type of image/jpeg
11/14/24, 1:05:42 PM - MEDIA TYPE: “https://dd-cdn.multiscreensite.com/fonts/additionalfonts/1291d1e7f9fa7394.woff” has a media type of application/octet-stream
11/14/24, 1:05:52 PM - MEDIA TYPE: “https://dd-cdn.multiscreensite.com/fonts/additionalfonts/3943a091ad116f3a3.woff” has a media type of application/octet-stream
11/14/24, 1:06:02 PM - MEDIA TYPE: “https://dd-cdn.multiscreensite.com/fonts/additionalfonts/3943a091ad116f3a1.woff” has a media type of application/octet-stream
11/14/24, 1:06:02 PM - MEDIA TYPE: “https://dp-cdn.multiscreensite.com/gallery/pink_pattern.png” has a media type of image/png
11/14/24, 1:06:12 PM - MEDIA TYPE: “https://dd-cdn.multiscreensite.com/themes/sections/sectionImg5.jpg” has a media type of image/jpeg
11/14/24, 1:06:22 PM - MEDIA TYPE: “https://dd-cdn.multiscreensite.com/themes/sections/click2Call.jpg” has a media type of image/jpeg
11/14/24, 1:06:32 PM - MEDIA TYPE: “https://dd-cdn.multiscreensite.com/themes/sections/halloween_call.jpg” has a media type of image/jpeg
11/14/24, 1:06:42 PM - MEDIA TYPE: “https://dd-cdn.multiscreensite.com/themes/sections/Trick-or-Treat.jpg” has a media type of image/jpeg
11/14/24, 1:06:52 PM - MEDIA TYPE: “https://dd-cdn.multiscreensite.com/themes/sections/holiday/thanksgivingBg.jpg” has a media type of image/jpeg
11/14/24, 1:06:52 PM - MEDIA TYPE: “https://dp-cdn.multiscreensite.com/gallery/bg_37.png” has a media type of image/png
11/14/24, 1:07:02 PM - MEDIA TYPE: “https://dd-cdn.multiscreensite.com/themes/sections/holiday/holidaySnow.png” has a media type of image/png
11/14/24, 1:07:12 PM - MEDIA TYPE: “https://dd-cdn.multiscreensite.com/themes/sections/holiday/smbSaturdayBg.jpg” has a media type of image/jpeg
11/14/24, 1:07:22 PM - MEDIA TYPE: “https://dd-cdn.multiscreensite.com/themes/sections/holiday/cyberMondayBg.jpg” has a media type of image/jpeg
11/14/24, 1:07:32 PM - MEDIA TYPE: “https://dd-cdn.multiscreensite.com/themes/sections/aidsBg.png” has a media type of image/png
11/14/24, 1:07:42 PM - MEDIA TYPE: “https://dd-cdn.multiscreensite.com/runtime-img/galleryLoader.gif” has a media type of image/gif
11/14/24, 1:07:43 PM - MEDIA TYPE: “https://lirp.cdn-website.com/md/pexels/dms3rep/multi/opt/pexels-photo-6225047-1920w.jpeg” has a media type of image/jpeg
11/14/24, 1:07:52 PM - MEDIA TYPE: “https://dd-cdn.multiscreensite.com/runtime-img/imgPlaceholder2.png” has a media type of image/png
11/14/24, 1:07:53 PM - MEDIA TYPE: “https://lirp.cdn-website.com/a96a9a11/dms3rep/multi/opt/imgs8-1920w.jpg” has a media type of image/jpg
11/14/24, 1:07:53 PM - MEDIA TYPE: “https://irp.cdn-website.com/editor/nee/images/common/2ColumnsArrows.png” has a media type of application/xml
11/14/24, 1:07:53 PM - ERROR: Download of “https://irp.cdn-website.com/editor/nee/images/common/2ColumnsArrows.png”, referred from “/Users/michaelnastus/Downloads/us.sitesucker.mac.sitesucker/irp.cdn-website.com/WIDGET_CSS/9d180e34fdc2bae68feadaa5a8e00303.css”, failed with error code 403 (forbidden)
11/14/24, 1:07:53 PM - ERROR: Download of “https://irp.cdn-website.com/editor/nee/images/common/2ColumnsArrows.png”, referred from “/Users/michaelnastus/Downloads/us.sitesucker.mac.sitesucker/irp.cdn-website.com/WIDGET_CSS/c079c2f8b2f98505d6bfe1a4ea05f4e0.css”, failed with error code 403 (forbidden)
11/14/24, 1:08:02 PM - MEDIA TYPE: “https://dd-cdn.multiscreensite.com/runtime-img/imgPlaceholder1.png” has a media type of image/png
11/14/24, 1:08:03 PM - MEDIA TYPE: “https://irp.cdn-website.com/editor/nee/images/common/bluePic.png” has a media type of application/xml
11/14/24, 1:08:03 PM - ERROR: Download of “https://irp.cdn-website.com/editor/nee/images/common/bluePic.png”, referred from “/Users/michaelnastus/Downloads/us.sitesucker.mac.sitesucker/irp.cdn-website.com/WIDGET_CSS/9d180e34fdc2bae68feadaa5a8e00303.css”, failed with error code 403 (forbidden)
11/14/24, 1:08:03 PM - ERROR: Download of “https://irp.cdn-website.com/editor/nee/images/common/bluePic.png”, referred from “/Users/michaelnastus/Downloads/us.sitesucker.mac.sitesucker/irp.cdn-website.com/WIDGET_CSS/c079c2f8b2f98505d6bfe1a4ea05f4e0.css”, failed with error code 403 (forbidden)
11/14/24, 1:08:12 PM - MEDIA TYPE: “https://dd-cdn.multiscreensite.com/runtime-img/imgPlaceholder3.png” has a media type of image/png
11/14/24, 1:08:22 PM - MEDIA TYPE: “https://dd-cdn.multiscreensite.com/runtime-img/yelpLogo.png” has a media type of image/png

---------------------
